<?xml version="1.0" encoding="UTF-8"?>
<!-- Generated by org.testng.reporters.JUnitXMLReporter -->
<testsuite ignored="0" hostname="DESKTOP-7H2SS0L" failures="0" tests="4" name="Test" time="32.852" errors="0" timestamp="2024-06-05T11:46:49 IST">
  <testcase classname="testCases.TC1_ACRegistration" name="Verify_Registration" time="8.785"/>
  <testcase classname="testCases.TC1_ACRegistration" name="Verify_Registrations" time="3.318"/>
  <testcase classname="testCases.TC2_Login" name="Logo" time="0.827"/>
  <testcase classname="testCases.TC2_Login" name="LoginSuccessful" time="9.234"/>
</testsuite> <!-- Test -->
