<?xml version="1.0" encoding="UTF-8"?>
<testng-results ignored="0" total="9" passed="8" failed="1" skipped="0">
  <reporter-output>
  </reporter-output>
  <suite started-at="2024-06-06T14:52:14 IST" name="Suite" finished-at="2024-06-06T14:54:32 IST" duration-ms="137449">
    <groups>
      <group name="regression">
        <method signature="TC1_ACRegistration.Verify_Registration()[pri:1, instance:testCases.TC1_ACRegistration@18078bef]" name="Verify_Registration" class="testCases.TC1_ACRegistration"/>
        <method signature="TC1_ACRegistration.Verify_Registrations()[pri:2, instance:testCases.TC1_ACRegistration@18078bef]" name="Verify_Registrations" class="testCases.TC1_ACRegistration"/>
      </group> <!-- regression -->
      <group name="sanity">
        <method signature="TC2_Login.Logo()[pri:1, instance:testCases.TC2_Login@4562e04d]" name="Logo" class="testCases.TC2_Login"/>
        <method signature="TC2_Login.LoginSuccessful()[pri:2, instance:testCases.TC2_Login@4562e04d]" name="LoginSuccessful" class="testCases.TC2_Login"/>
      </group> <!-- sanity -->
      <group name="master">
        <method signature="TC1_ACRegistration.Verify_Registration()[pri:1, instance:testCases.TC1_ACRegistration@18078bef]" name="Verify_Registration" class="testCases.TC1_ACRegistration"/>
        <method signature="TC2_Login.Logo()[pri:1, instance:testCases.TC2_Login@4562e04d]" name="Logo" class="testCases.TC2_Login"/>
        <method signature="TC1_ACRegistration.Verify_Registrations()[pri:2, instance:testCases.TC1_ACRegistration@18078bef]" name="Verify_Registrations" class="testCases.TC1_ACRegistration"/>
        <method signature="TC2_Login.LoginSuccessful()[pri:2, instance:testCases.TC2_Login@4562e04d]" name="LoginSuccessful" class="testCases.TC2_Login"/>
      </group> <!-- master -->
    </groups>
    <test started-at="2024-06-06T14:52:14 IST" name="Test" finished-at="2024-06-06T14:54:32 IST" duration-ms="137449">
      <class name="testCases.TC2_Login">
        <test-method is-config="true" signature="setup(java.lang.String,java.lang.String)[pri:0, instance:testCases.TC2_Login@4562e04d]" started-at="2024-06-06T14:52:34 IST" name="setup" finished-at="2024-06-06T14:52:40 IST" duration-ms="5761" status="PASS">
          <params>
            <param index="0">
              <value>
                <![CDATA[Windows]]>
              </value>
            </param>
            <param index="1">
              <value>
                <![CDATA[chrome]]>
              </value>
            </param>
          </params>
          <reporter-output>
          </reporter-output>
        </test-method> <!-- setup -->
        <test-method signature="Logo()[pri:1, instance:testCases.TC2_Login@4562e04d]" started-at="2024-06-06T14:52:40 IST" name="Logo" finished-at="2024-06-06T14:52:41 IST" duration-ms="949" status="PASS">
          <reporter-output>
          </reporter-output>
        </test-method> <!-- Logo -->
        <test-method signature="LoginSuccessful()[pri:2, instance:testCases.TC2_Login@4562e04d]" started-at="2024-06-06T14:52:41 IST" name="LoginSuccessful" finished-at="2024-06-06T14:53:16 IST" duration-ms="35454" status="PASS">
          <reporter-output>
          </reporter-output>
        </test-method> <!-- LoginSuccessful -->
        <test-method is-config="true" signature="teardown()[pri:0, instance:testCases.TC2_Login@4562e04d]" started-at="2024-06-06T14:53:16 IST" name="teardown" finished-at="2024-06-06T14:53:17 IST" duration-ms="625" status="PASS">
          <reporter-output>
          </reporter-output>
        </test-method> <!-- teardown -->
      </class> <!-- testCases.TC2_Login -->
      <class name="testCases.TC3_LoginDDT">
        <test-method is-config="true" signature="setup(java.lang.String,java.lang.String)[pri:0, instance:testCases.TC3_LoginDDT@2a65fe7c]" started-at="2024-06-06T14:53:17 IST" name="setup" finished-at="2024-06-06T14:53:22 IST" duration-ms="4622" status="PASS">
          <params>
            <param index="0">
              <value>
                <![CDATA[Windows]]>
              </value>
            </param>
            <param index="1">
              <value>
                <![CDATA[chrome]]>
              </value>
            </param>
          </params>
          <reporter-output>
          </reporter-output>
        </test-method> <!-- setup -->
        <test-method signature="Verify_LoginDDT(java.lang.String,java.lang.String,java.lang.String)[pri:0, instance:testCases.TC3_LoginDDT@2a65fe7c]" started-at="2024-06-06T14:53:23 IST" name="Verify_LoginDDT" data-provider="LoginData" finished-at="2024-06-06T14:53:29 IST" duration-ms="5911" status="PASS">
          <params>
            <param index="0">
              <value>
                <![CDATA[romilec9shrinathji@gmail.com]]>
              </value>
            </param>
            <param index="1">
              <value>
                <![CDATA[123456]]>
              </value>
            </param>
            <param index="2">
              <value>
                <![CDATA[Valid]]>
              </value>
            </param>
          </params>
          <reporter-output>
          </reporter-output>
        </test-method> <!-- Verify_LoginDDT -->
        <test-method signature="Verify_LoginDDT(java.lang.String,java.lang.String,java.lang.String)[pri:0, instance:testCases.TC3_LoginDDT@2a65fe7c]" started-at="2024-06-06T14:53:29 IST" name="Verify_LoginDDT" data-provider="LoginData" finished-at="2024-06-06T14:53:51 IST" duration-ms="21947" status="FAIL">
          <params>
            <param index="0">
              <value>
                <![CDATA[mukesh]]>
              </value>
            </param>
            <param index="1">
              <value>
                <![CDATA[]]>
              </value>
            </param>
            <param index="2">
              <value>
                <![CDATA[Invalid]]>
              </value>
            </param>
          </params>
          <exception class="org.openqa.selenium.NoSuchElementException">
            <message>
              <![CDATA[no such element: Unable to locate element: {"method":"xpath","selector":"//span[contains(text(),'You need to enter a username')]"}
  (Session info: chrome=125.0.6422.78)
For documentation on this error, please visit: https://www.selenium.dev/documentation/webdriver/troubleshooting/errors#no-such-element-exception
Build info: version: '4.21.0', revision: '79ed462ef4'
System info: os.name: 'Windows 10', os.arch: 'amd64', os.version: '10.0', java.version: '22'
Driver info: org.openqa.selenium.chrome.ChromeDriver
Command: [14bbb03b51ddb2c11d19c4b89fe6c94b, findElement {using=xpath, value=//span[contains(text(),'You need to enter a username')]}]
Capabilities {acceptInsecureCerts: false, browserName: chrome, browserVersion: 125.0.6422.78, chrome: {chromedriverVersion: 125.0.6422.141 (4b1e8393712..., userDataDir: C:\Users\ROMILS~1\AppData\L...}, fedcm:accounts: true, goog:chromeOptions: {debuggerAddress: localhost:61005}, networkConnectionEnabled: false, pageLoadStrategy: normal, platformName: windows, proxy: Proxy(), se:cdp: ws://localhost:61005/devtoo..., se:cdpVersion: 125.0.6422.78, setWindowRect: true, strictFileInteractability: false, timeouts: {implicit: 0, pageLoad: 300000, script: 30000}, unhandledPromptBehavior: dismiss and notify, webauthn:extension:credBlob: true, webauthn:extension:largeBlob: true, webauthn:extension:minPinLength: true, webauthn:extension:prf: true, webauthn:virtualAuthenticators: true}
Session ID: 14bbb03b51ddb2c11d19c4b89fe6c94b]]>
            </message>
            <full-stacktrace>
              <![CDATA[org.openqa.selenium.NoSuchElementException: no such element: Unable to locate element: {"method":"xpath","selector":"//span[contains(text(),'You need to enter a username')]"}
  (Session info: chrome=125.0.6422.78)
For documentation on this error, please visit: https://www.selenium.dev/documentation/webdriver/troubleshooting/errors#no-such-element-exception
Build info: version: '4.21.0', revision: '79ed462ef4'
System info: os.name: 'Windows 10', os.arch: 'amd64', os.version: '10.0', java.version: '22'
Driver info: org.openqa.selenium.chrome.ChromeDriver
Command: [14bbb03b51ddb2c11d19c4b89fe6c94b, findElement {using=xpath, value=//span[contains(text(),'You need to enter a username')]}]
Capabilities {acceptInsecureCerts: false, browserName: chrome, browserVersion: 125.0.6422.78, chrome: {chromedriverVersion: 125.0.6422.141 (4b1e8393712..., userDataDir: C:\Users\ROMILS~1\AppData\L...}, fedcm:accounts: true, goog:chromeOptions: {debuggerAddress: localhost:61005}, networkConnectionEnabled: false, pageLoadStrategy: normal, platformName: windows, proxy: Proxy(), se:cdp: ws://localhost:61005/devtoo..., se:cdpVersion: 125.0.6422.78, setWindowRect: true, strictFileInteractability: false, timeouts: {implicit: 0, pageLoad: 300000, script: 30000}, unhandledPromptBehavior: dismiss and notify, webauthn:extension:credBlob: true, webauthn:extension:largeBlob: true, webauthn:extension:minPinLength: true, webauthn:extension:prf: true, webauthn:virtualAuthenticators: true}
Session ID: 14bbb03b51ddb2c11d19c4b89fe6c94b
at java.base/jdk.internal.reflect.DirectConstructorHandleAccessor.newInstance(DirectConstructorHandleAccessor.java:62)
at java.base/java.lang.reflect.Constructor.newInstanceWithCaller(Constructor.java:502)
at java.base/java.lang.reflect.Constructor.newInstance(Constructor.java:486)
at org.openqa.selenium.remote.ErrorCodec.decode(ErrorCodec.java:167)
at org.openqa.selenium.remote.codec.w3c.W3CHttpResponseCodec.decode(W3CHttpResponseCodec.java:138)
at org.openqa.selenium.remote.codec.w3c.W3CHttpResponseCodec.decode(W3CHttpResponseCodec.java:50)
at org.openqa.selenium.remote.HttpCommandExecutor.execute(HttpCommandExecutor.java:190)
at org.openqa.selenium.remote.service.DriverCommandExecutor.invokeExecute(DriverCommandExecutor.java:216)
at org.openqa.selenium.remote.service.DriverCommandExecutor.execute(DriverCommandExecutor.java:174)
at org.openqa.selenium.remote.RemoteWebDriver.execute(RemoteWebDriver.java:518)
at org.openqa.selenium.remote.ElementLocation$ElementFinder$2.findElement(ElementLocation.java:165)
at org.openqa.selenium.remote.ElementLocation.findElement(ElementLocation.java:59)
at org.openqa.selenium.remote.RemoteWebDriver.findElement(RemoteWebDriver.java:355)
at org.openqa.selenium.remote.RemoteWebDriver.findElement(RemoteWebDriver.java:349)
at org.openqa.selenium.support.pagefactory.DefaultElementLocator.findElement(DefaultElementLocator.java:68)
at org.openqa.selenium.support.pagefactory.internal.LocatingElementHandler.invoke(LocatingElementHandler.java:38)
at jdk.proxy2/jdk.proxy2.$Proxy28.getText(Unknown Source)
at pageObjects.LoginPage.TextManadatoryMessageUsername(LoginPage.java:84)
at testCases.TC3_LoginDDT.Verify_LoginDDT(TC3_LoginDDT.java:139)
at java.base/jdk.internal.reflect.DirectMethodHandleAccessor.invoke(DirectMethodHandleAccessor.java:103)
at java.base/java.lang.reflect.Method.invoke(Method.java:580)
at org.testng.internal.invokers.MethodInvocationHelper.invokeMethod(MethodInvocationHelper.java:141)
at org.testng.internal.invokers.TestInvoker.invokeMethod(TestInvoker.java:686)
at org.testng.internal.invokers.TestInvoker.invokeTestMethod(TestInvoker.java:230)
at org.testng.internal.invokers.MethodRunner.runInSequence(MethodRunner.java:63)
at org.testng.internal.invokers.TestInvoker$MethodInvocationAgent.invoke(TestInvoker.java:992)
at org.testng.internal.invokers.TestInvoker.invokeTestMethods(TestInvoker.java:203)
at org.testng.internal.invokers.TestMethodWorker.invokeTestMethods(TestMethodWorker.java:154)
at org.testng.internal.invokers.TestMethodWorker.run(TestMethodWorker.java:134)
at java.base/java.util.ArrayList.forEach(ArrayList.java:1597)
at org.testng.TestRunner.privateRun(TestRunner.java:739)
at org.testng.TestRunner.run(TestRunner.java:614)
at org.testng.SuiteRunner.runTest(SuiteRunner.java:421)
at org.testng.SuiteRunner.runSequentially(SuiteRunner.java:413)
at org.testng.SuiteRunner.privateRun(SuiteRunner.java:373)
at org.testng.SuiteRunner.run(SuiteRunner.java:312)
at org.testng.SuiteRunnerWorker.runSuite(SuiteRunnerWorker.java:52)
at org.testng.SuiteRunnerWorker.run(SuiteRunnerWorker.java:95)
at org.testng.TestNG.runSuitesSequentially(TestNG.java:1274)
at org.testng.TestNG.runSuitesLocally(TestNG.java:1208)
at org.testng.TestNG.runSuites(TestNG.java:1112)
at org.testng.TestNG.run(TestNG.java:1079)
at org.apache.maven.surefire.testng.TestNGExecutor.run(TestNGExecutor.java:308)
at org.apache.maven.surefire.testng.TestNGXmlTestSuite.execute(TestNGXmlTestSuite.java:71)
at org.apache.maven.surefire.testng.TestNGProvider.invoke(TestNGProvider.java:113)
at org.apache.maven.surefire.booter.ForkedBooter.runSuitesInProcess(ForkedBooter.java:385)
at org.apache.maven.surefire.booter.ForkedBooter.execute(ForkedBooter.java:162)
at org.apache.maven.surefire.booter.ForkedBooter.run(ForkedBooter.java:507)
at org.apache.maven.surefire.booter.ForkedBooter.main(ForkedBooter.java:495)
]]>
            </full-stacktrace>
          </exception> <!-- org.openqa.selenium.NoSuchElementException -->
          <reporter-output>
          </reporter-output>
        </test-method> <!-- Verify_LoginDDT -->
        <test-method signature="Verify_LoginDDT(java.lang.String,java.lang.String,java.lang.String)[pri:0, instance:testCases.TC3_LoginDDT@2a65fe7c]" started-at="2024-06-06T14:53:51 IST" name="Verify_LoginDDT" data-provider="LoginData" finished-at="2024-06-06T14:54:05 IST" duration-ms="13508" status="PASS">
          <params>
            <param index="0">
              <value>
                <![CDATA[]]>
              </value>
            </param>
            <param index="1">
              <value>
                <![CDATA[mukesh]]>
              </value>
            </param>
            <param index="2">
              <value>
                <![CDATA[Invalid]]>
              </value>
            </param>
          </params>
          <reporter-output>
          </reporter-output>
        </test-method> <!-- Verify_LoginDDT -->
        <test-method signature="Verify_LoginDDT(java.lang.String,java.lang.String,java.lang.String)[pri:0, instance:testCases.TC3_LoginDDT@2a65fe7c]" started-at="2024-06-06T14:54:05 IST" name="Verify_LoginDDT" data-provider="LoginData" finished-at="2024-06-06T14:54:17 IST" duration-ms="12481" status="PASS">
          <params>
            <param index="0">
              <value>
                <![CDATA[]]>
              </value>
            </param>
            <param index="1">
              <value>
                <![CDATA[]]>
              </value>
            </param>
            <param index="2">
              <value>
                <![CDATA[Invalid]]>
              </value>
            </param>
          </params>
          <reporter-output>
          </reporter-output>
        </test-method> <!-- Verify_LoginDDT -->
        <test-method signature="Verify_LoginDDT(java.lang.String,java.lang.String,java.lang.String)[pri:0, instance:testCases.TC3_LoginDDT@2a65fe7c]" started-at="2024-06-06T14:54:17 IST" name="Verify_LoginDDT" data-provider="LoginData" finished-at="2024-06-06T14:54:31 IST" duration-ms="13702" status="PASS">
          <params>
            <param index="0">
              <value>
                <![CDATA[romil.singhtwadia@kadellabs.com]]>
              </value>
            </param>
            <param index="1">
              <value>
                <![CDATA[123456]]>
              </value>
            </param>
            <param index="2">
              <value>
                <![CDATA[Valid]]>
              </value>
            </param>
          </params>
          <reporter-output>
          </reporter-output>
        </test-method> <!-- Verify_LoginDDT -->
        <test-method is-config="true" signature="teardown()[pri:0, instance:testCases.TC3_LoginDDT@2a65fe7c]" started-at="2024-06-06T14:54:31 IST" name="teardown" finished-at="2024-06-06T14:54:32 IST" duration-ms="716" status="PASS">
          <reporter-output>
          </reporter-output>
        </test-method> <!-- teardown -->
      </class> <!-- testCases.TC3_LoginDDT -->
      <class name="testCases.TC1_ACRegistration">
        <test-method is-config="true" signature="setup(java.lang.String,java.lang.String)[pri:0, instance:testCases.TC1_ACRegistration@18078bef]" started-at="2024-06-06T14:52:15 IST" name="setup" finished-at="2024-06-06T14:52:25 IST" duration-ms="9933" status="PASS">
          <params>
            <param index="0">
              <value>
                <![CDATA[Windows]]>
              </value>
            </param>
            <param index="1">
              <value>
                <![CDATA[chrome]]>
              </value>
            </param>
          </params>
          <reporter-output>
          </reporter-output>
        </test-method> <!-- setup -->
        <test-method signature="Verify_Registration()[pri:1, instance:testCases.TC1_ACRegistration@18078bef]" started-at="2024-06-06T14:52:25 IST" name="Verify_Registration" finished-at="2024-06-06T14:52:30 IST" duration-ms="5361" status="PASS">
          <reporter-output>
          </reporter-output>
        </test-method> <!-- Verify_Registration -->
        <test-method signature="Verify_Registrations()[pri:2, instance:testCases.TC1_ACRegistration@18078bef]" started-at="2024-06-06T14:52:30 IST" name="Verify_Registrations" finished-at="2024-06-06T14:52:34 IST" duration-ms="3571" status="PASS">
          <reporter-output>
          </reporter-output>
        </test-method> <!-- Verify_Registrations -->
        <test-method is-config="true" signature="teardown()[pri:0, instance:testCases.TC1_ACRegistration@18078bef]" started-at="2024-06-06T14:52:34 IST" name="teardown" finished-at="2024-06-06T14:52:34 IST" duration-ms="597" status="PASS">
          <reporter-output>
          </reporter-output>
        </test-method> <!-- teardown -->
      </class> <!-- testCases.TC1_ACRegistration -->
    </test> <!-- Test -->
  </suite> <!-- Suite -->
</testng-results>
