<?xml version="1.0" encoding="UTF-8"?>
<testng-results ignored="0" total="1" passed="1" failed="0" skipped="0">
  <reporter-output>
  </reporter-output>
  <suite started-at="2024-06-05T12:28:48 IST" name="Default suite" finished-at="2024-06-05T12:28:48 IST" duration-ms="74">
    <groups>
    </groups>
    <test started-at="2024-06-05T12:28:48 IST" name="Default test" finished-at="2024-06-05T12:28:48 IST" duration-ms="74">
      <class name="testCases.TC3_BlankClass">
        <test-method signature="f()[pri:0, instance:testCases.TC3_BlankClass@22555ebf]" started-at="2024-06-05T12:28:48 IST" name="f" finished-at="2024-06-05T12:28:48 IST" duration-ms="14" status="PASS">
          <reporter-output>
          </reporter-output>
        </test-method> <!-- f -->
      </class> <!-- testCases.TC3_BlankClass -->
    </test> <!-- Default test -->
  </suite> <!-- Default suite -->
</testng-results>
